2-D Mesh Sweeper
Version: 0.1
Author: ATM Jahid Hasan
Wed Apr  7 13:23:45 2021

Discrete Ordinates/Octant
n	mu	eta	w
0	0.57735	0.57735	0.25

Boundary Conditions
Left	Right	Bottom	Top
0	0	0	0	

Computational Cell Data
i	j	Material	dx	dy	SigmaT	SigmaS	Source
1	1	1	0.1	0.2	1	0.5	0
1	2	1	0.1	0.2	1	0.5	0
1	3	1	0.1	0.2	1	0.5	0
1	4	1	0.1	0.2	1	0.5	0
1	5	1	0.1	0.2	1	0.5	0
1	6	1	0.1	0.2	1	0.5	0
1	7	1	0.1	0.2	1	0.5	0
1	8	1	0.1	0.2	1	0.5	0
1	9	1	0.1	0.2	1	0.5	0
1	10	1	0.1	0.2	1	0.5	0

i	j	Material	dx	dy	SigmaT	SigmaS	Source
2	1	1	0.1	0.2	1	0.5	0
2	2	1	0.1	0.2	1	0.5	0
2	3	1	0.1	0.2	1	0.5	0
2	4	1	0.1	0.2	1	0.5	0
2	5	1	0.1	0.2	1	0.5	0
2	6	1	0.1	0.2	1	0.5	0
2	7	1	0.1	0.2	1	0.5	0
2	8	1	0.1	0.2	1	0.5	0
2	9	1	0.1	0.2	1	0.5	0
2	10	1	0.1	0.2	1	0.5	0

i	j	Material	dx	dy	SigmaT	SigmaS	Source
3	1	1	0.1	0.2	1	0.5	0
3	2	1	0.1	0.2	1	0.5	0
3	3	1	0.1	0.2	1	0.5	0
3	4	1	0.1	0.2	1	0.5	0
3	5	1	0.1	0.2	1	0.5	0
3	6	1	0.1	0.2	1	0.5	0
3	7	1	0.1	0.2	1	0.5	0
3	8	1	0.1	0.2	1	0.5	0
3	9	1	0.1	0.2	1	0.5	0
3	10	1	0.1	0.2	1	0.5	0

i	j	Material	dx	dy	SigmaT	SigmaS	Source
4	1	1	0.1	0.2	1	0.5	0
4	2	1	0.1	0.2	1	0.5	0
4	3	1	0.1	0.2	1	0.5	0
4	4	2	0.1	0.2	2	0.1	1
4	5	2	0.1	0.2	2	0.1	1
4	6	2	0.1	0.2	2	0.1	1
4	7	2	0.1	0.2	2	0.1	1
4	8	1	0.1	0.2	1	0.5	0
4	9	1	0.1	0.2	1	0.5	0
4	10	1	0.1	0.2	1	0.5	0

i	j	Material	dx	dy	SigmaT	SigmaS	Source
5	1	1	0.1	0.2	1	0.5	0
5	2	1	0.1	0.2	1	0.5	0
5	3	1	0.1	0.2	1	0.5	0
5	4	2	0.1	0.2	2	0.1	1
5	5	2	0.1	0.2	2	0.1	1
5	6	2	0.1	0.2	2	0.1	1
5	7	2	0.1	0.2	2	0.1	1
5	8	1	0.1	0.2	1	0.5	0
5	9	1	0.1	0.2	1	0.5	0
5	10	1	0.1	0.2	1	0.5	0

i	j	Material	dx	dy	SigmaT	SigmaS	Source
6	1	1	0.1	0.2	1	0.5	0
6	2	1	0.1	0.2	1	0.5	0
6	3	1	0.1	0.2	1	0.5	0
6	4	2	0.1	0.2	2	0.1	1
6	5	2	0.1	0.2	2	0.1	1
6	6	2	0.1	0.2	2	0.1	1
6	7	2	0.1	0.2	2	0.1	1
6	8	1	0.1	0.2	1	0.5	0
6	9	1	0.1	0.2	1	0.5	0
6	10	1	0.1	0.2	1	0.5	0

i	j	Material	dx	dy	SigmaT	SigmaS	Source
7	1	1	0.1	0.2	1	0.5	0
7	2	1	0.1	0.2	1	0.5	0
7	3	1	0.1	0.2	1	0.5	0
7	4	2	0.1	0.2	2	0.1	1
7	5	2	0.1	0.2	2	0.1	1
7	6	2	0.1	0.2	2	0.1	1
7	7	2	0.1	0.2	2	0.1	1
7	8	1	0.1	0.2	1	0.5	0
7	9	1	0.1	0.2	1	0.5	0
7	10	1	0.1	0.2	1	0.5	0

i	j	Material	dx	dy	SigmaT	SigmaS	Source
8	1	1	0.1	0.2	1	0.5	0
8	2	1	0.1	0.2	1	0.5	0
8	3	1	0.1	0.2	1	0.5	0
8	4	1	0.1	0.2	1	0.5	0
8	5	1	0.1	0.2	1	0.5	0
8	6	1	0.1	0.2	1	0.5	0
8	7	1	0.1	0.2	1	0.5	0
8	8	1	0.1	0.2	1	0.5	0
8	9	1	0.1	0.2	1	0.5	0
8	10	1	0.1	0.2	1	0.5	0

i	j	Material	dx	dy	SigmaT	SigmaS	Source
9	1	1	0.1	0.2	1	0.5	0
9	2	1	0.1	0.2	1	0.5	0
9	3	1	0.1	0.2	1	0.5	0
9	4	1	0.1	0.2	1	0.5	0
9	5	1	0.1	0.2	1	0.5	0
9	6	1	0.1	0.2	1	0.5	0
9	7	1	0.1	0.2	1	0.5	0
9	8	1	0.1	0.2	1	0.5	0
9	9	1	0.1	0.2	1	0.5	0
9	10	1	0.1	0.2	1	0.5	0

i	j	Material	dx	dy	SigmaT	SigmaS	Source
10	1	1	0.1	0.2	1	0.5	0
10	2	1	0.1	0.2	1	0.5	0
10	3	1	0.1	0.2	1	0.5	0
10	4	1	0.1	0.2	1	0.5	0
10	5	1	0.1	0.2	1	0.5	0
10	6	1	0.1	0.2	1	0.5	0
10	7	1	0.1	0.2	1	0.5	0
10	8	1	0.1	0.2	1	0.5	0
10	9	1	0.1	0.2	1	0.5	0
10	10	1	0.1	0.2	1	0.5	0

will solve D.O. here

Discrete Ordinates Method Solution
i	j	Cell-Averaged Scalar Flux
1	1	1.241095e+00
2	1	6.685634e-01
3	1	1.526503e-01
4	1	-2.235976e-01
5	1	-2.545644e-01
6	1	-2.545644e-01
7	1	-2.235976e-01
8	1	1.526503e-01
9	1	6.685634e-01
10	1	1.241095e+00

1	2	2.524667e+00
2	2	2.245453e+00
3	2	1.637776e+00
4	2	8.231117e-01
5	2	-4.669564e-02
6	2	-4.669564e-02
7	2	8.231117e-01
8	2	1.637776e+00
9	2	2.245453e+00
10	2	2.524667e+00

1	3	3.172531e+00
2	3	3.493988e+00
3	3	3.491709e+00
4	3	3.299436e+00
5	3	3.422473e+00
6	3	3.422473e+00
7	3	3.299436e+00
8	3	3.491709e+00
9	3	3.493988e+00
10	3	3.172531e+00

1	4	3.286130e+00
2	4	4.138388e+00
3	4	5.521033e+00
4	4	7.601785e+00
5	4	8.976472e+00
6	4	8.976472e+00
7	4	7.601785e+00
8	4	5.521033e+00
9	4	4.138388e+00
10	4	3.286130e+00

1	5	2.711978e+00
2	5	4.961845e+00
3	5	7.549279e+00
4	5	1.043400e+01
5	5	1.261049e+01
6	5	1.261049e+01
7	5	1.043400e+01
8	5	7.549279e+00
9	5	4.961845e+00
10	5	2.711978e+00

1	6	2.711978e+00
2	6	4.961845e+00
3	6	7.549279e+00
4	6	1.043400e+01
5	6	1.261049e+01
6	6	1.261049e+01
7	6	1.043400e+01
8	6	7.549279e+00
9	6	4.961845e+00
10	6	2.711978e+00

1	7	3.286130e+00
2	7	4.138388e+00
3	7	5.521033e+00
4	7	7.601785e+00
5	7	8.976472e+00
6	7	8.976472e+00
7	7	7.601785e+00
8	7	5.521033e+00
9	7	4.138388e+00
10	7	3.286130e+00

1	8	3.172531e+00
2	8	3.493988e+00
3	8	3.491709e+00
4	8	3.299436e+00
5	8	3.422473e+00
6	8	3.422473e+00
7	8	3.299436e+00
8	8	3.491709e+00
9	8	3.493988e+00
10	8	3.172531e+00

1	9	2.524667e+00
2	9	2.245453e+00
3	9	1.637776e+00
4	9	8.231117e-01
5	9	-4.669564e-02
6	9	-4.669564e-02
7	9	8.231117e-01
8	9	1.637776e+00
9	9	2.245453e+00
10	9	2.524667e+00

1	10	1.241095e+00
2	10	6.685634e-01
3	10	1.526503e-01
4	10	-2.235976e-01
5	10	-2.545644e-01
6	10	-2.545644e-01
7	10	-2.235976e-01
8	10	1.526503e-01
9	10	6.685634e-01
10	10	1.241095e+00

Execution time: 1677 microseconds
