Inner Iteration with Mesh Sweep
Version: 0.1
Author: ATM Jahid Hasan
Sat Apr 24 22:57:37 2021

Discrete Ordinates/Octant
n	mu	eta	w
0	0.57735	0.57735	0.25

Boundary Conditions
Left	Right	Bottom	Top
0	0	0	0	

Computational Cell Data
i	j	Material	dx	dy	SigmaT	SigmaS	Source
1	1	1	0.2	0.1	1	0.5	0
2	1	1	0.2	0.1	1	0.5	0
3	1	1	0.2	0.1	1	0.5	0
4	1	1	0.2	0.1	1	0.5	0
5	1	1	0.2	0.1	1	0.5	0
6	1	1	0.2	0.1	1	0.5	0
7	1	1	0.2	0.1	1	0.5	0
8	1	1	0.2	0.1	1	0.5	0
9	1	1	0.2	0.1	1	0.5	0
10	1	1	0.2	0.1	1	0.5	0

1	2	1	0.2	0.1	1	0.5	0
2	2	1	0.2	0.1	1	0.5	0
3	2	1	0.2	0.1	1	0.5	0
4	2	1	0.2	0.1	1	0.5	0
5	2	1	0.2	0.1	1	0.5	0
6	2	1	0.2	0.1	1	0.5	0
7	2	1	0.2	0.1	1	0.5	0
8	2	1	0.2	0.1	1	0.5	0
9	2	1	0.2	0.1	1	0.5	0
10	2	1	0.2	0.1	1	0.5	0

1	3	1	0.2	0.1	1	0.5	0
2	3	1	0.2	0.1	1	0.5	0
3	3	1	0.2	0.1	1	0.5	0
4	3	1	0.2	0.1	1	0.5	0
5	3	1	0.2	0.1	1	0.5	0
6	3	1	0.2	0.1	1	0.5	0
7	3	1	0.2	0.1	1	0.5	0
8	3	1	0.2	0.1	1	0.5	0
9	3	1	0.2	0.1	1	0.5	0
10	3	1	0.2	0.1	1	0.5	0

1	4	1	0.2	0.1	1	0.5	0
2	4	1	0.2	0.1	1	0.5	0
3	4	1	0.2	0.1	1	0.5	0
4	4	2	0.2	0.1	2	0.1	1
5	4	2	0.2	0.1	2	0.1	1
6	4	2	0.2	0.1	2	0.1	1
7	4	2	0.2	0.1	2	0.1	1
8	4	1	0.2	0.1	1	0.5	0
9	4	1	0.2	0.1	1	0.5	0
10	4	1	0.2	0.1	1	0.5	0

1	5	1	0.2	0.1	1	0.5	0
2	5	1	0.2	0.1	1	0.5	0
3	5	1	0.2	0.1	1	0.5	0
4	5	2	0.2	0.1	2	0.1	1
5	5	2	0.2	0.1	2	0.1	1
6	5	2	0.2	0.1	2	0.1	1
7	5	2	0.2	0.1	2	0.1	1
8	5	1	0.2	0.1	1	0.5	0
9	5	1	0.2	0.1	1	0.5	0
10	5	1	0.2	0.1	1	0.5	0

1	6	1	0.2	0.1	1	0.5	0
2	6	1	0.2	0.1	1	0.5	0
3	6	1	0.2	0.1	1	0.5	0
4	6	2	0.2	0.1	2	0.1	1
5	6	2	0.2	0.1	2	0.1	1
6	6	2	0.2	0.1	2	0.1	1
7	6	2	0.2	0.1	2	0.1	1
8	6	1	0.2	0.1	1	0.5	0
9	6	1	0.2	0.1	1	0.5	0
10	6	1	0.2	0.1	1	0.5	0

1	7	1	0.2	0.1	1	0.5	0
2	7	1	0.2	0.1	1	0.5	0
3	7	1	0.2	0.1	1	0.5	0
4	7	2	0.2	0.1	2	0.1	1
5	7	2	0.2	0.1	2	0.1	1
6	7	2	0.2	0.1	2	0.1	1
7	7	2	0.2	0.1	2	0.1	1
8	7	1	0.2	0.1	1	0.5	0
9	7	1	0.2	0.1	1	0.5	0
10	7	1	0.2	0.1	1	0.5	0

1	8	1	0.2	0.1	1	0.5	0
2	8	1	0.2	0.1	1	0.5	0
3	8	1	0.2	0.1	1	0.5	0
4	8	1	0.2	0.1	1	0.5	0
5	8	1	0.2	0.1	1	0.5	0
6	8	1	0.2	0.1	1	0.5	0
7	8	1	0.2	0.1	1	0.5	0
8	8	1	0.2	0.1	1	0.5	0
9	8	1	0.2	0.1	1	0.5	0
10	8	1	0.2	0.1	1	0.5	0

1	9	1	0.2	0.1	1	0.5	0
2	9	1	0.2	0.1	1	0.5	0
3	9	1	0.2	0.1	1	0.5	0
4	9	1	0.2	0.1	1	0.5	0
5	9	1	0.2	0.1	1	0.5	0
6	9	1	0.2	0.1	1	0.5	0
7	9	1	0.2	0.1	1	0.5	0
8	9	1	0.2	0.1	1	0.5	0
9	9	1	0.2	0.1	1	0.5	0
10	9	1	0.2	0.1	1	0.5	0

1	10	1	0.2	0.1	1	0.5	0
2	10	1	0.2	0.1	1	0.5	0
3	10	1	0.2	0.1	1	0.5	0
4	10	1	0.2	0.1	1	0.5	0
5	10	1	0.2	0.1	1	0.5	0
6	10	1	0.2	0.1	1	0.5	0
7	10	1	0.2	0.1	1	0.5	0
8	10	1	0.2	0.1	1	0.5	0
9	10	1	0.2	0.1	1	0.5	0
10	10	1	0.2	0.1	1	0.5	0

will solve D.O. here

Terminated successfully.
Iterations needed: 7
Convergence criterion achieved: 0.00071084

Discrete Ordinates Method Solution
i	j	Cell-Averaged Scalar Flux
1	1	3.118783e-02
2	1	5.904137e-02
3	1	7.450337e-02
4	1	7.963293e-02
5	1	7.031187e-02
6	1	7.031187e-02
7	1	7.963293e-02
8	1	7.450337e-02
9	1	5.904137e-02
10	1	3.118783e-02

1	2	2.014239e-02
2	2	5.484385e-02
3	2	8.247268e-02
4	2	9.878101e-02
5	2	1.179844e-01
6	2	1.179844e-01
7	2	9.878101e-02
8	2	8.247268e-02
9	2	5.484385e-02
10	2	2.014239e-02

1	3	9.579704e-03
2	3	4.357128e-02
3	3	8.394245e-02
4	3	1.275822e-01
5	3	1.705507e-01
6	3	1.705507e-01
7	3	1.275822e-01
8	3	8.394245e-02
9	3	4.357128e-02
10	3	9.579704e-03

1	4	1.656650e-03
2	4	2.753180e-02
3	4	8.153792e-02
4	4	1.694310e-01
5	4	2.269745e-01
6	4	2.269745e-01
7	4	1.694310e-01
8	4	8.153792e-02
9	4	2.753180e-02
10	4	1.656650e-03

1	5	6.632163e-04
2	5	1.028546e-02
3	5	8.467150e-02
4	5	1.970964e-01
5	5	2.689242e-01
6	5	2.689242e-01
7	5	1.970964e-01
8	5	8.467150e-02
9	5	1.028546e-02
10	5	6.632163e-04

1	6	6.632163e-04
2	6	1.028546e-02
3	6	8.467150e-02
4	6	1.970964e-01
5	6	2.689242e-01
6	6	2.689242e-01
7	6	1.970964e-01
8	6	8.467150e-02
9	6	1.028546e-02
10	6	6.632163e-04

1	7	1.656650e-03
2	7	2.753180e-02
3	7	8.153792e-02
4	7	1.694310e-01
5	7	2.269745e-01
6	7	2.269745e-01
7	7	1.694310e-01
8	7	8.153792e-02
9	7	2.753180e-02
10	7	1.656650e-03

1	8	9.579704e-03
2	8	4.357128e-02
3	8	8.394245e-02
4	8	1.275822e-01
5	8	1.705507e-01
6	8	1.705507e-01
7	8	1.275822e-01
8	8	8.394245e-02
9	8	4.357128e-02
10	8	9.579704e-03

1	9	2.014239e-02
2	9	5.484385e-02
3	9	8.247268e-02
4	9	9.878101e-02
5	9	1.179844e-01
6	9	1.179844e-01
7	9	9.878101e-02
8	9	8.247268e-02
9	9	5.484385e-02
10	9	2.014239e-02

1	10	3.118783e-02
2	10	5.904137e-02
3	10	7.450337e-02
4	10	7.963293e-02
5	10	7.031187e-02
6	10	7.031187e-02
7	10	7.963293e-02
8	10	7.450337e-02
9	10	5.904137e-02
10	10	3.118783e-02

Execution time: 1094 microseconds
